{"numFailedTestSuites":1,"numFailedTests":1,"numPassedTestSuites":4,"numPassedTests":24,"numPendingTestSuites":0,"numPendingTests":0,"numRuntimeErrorTestSuites":0,"numTodoTests":0,"numTotalTestSuites":5,"numTotalTests":25,"openHandles":[],"snapshot":{"added":0,"didUpdate":false,"failure":false,"filesAdded":0,"filesRemoved":0,"filesRemovedList":[],"filesUnmatched":0,"filesUpdated":0,"matched":0,"total":0,"unchecked":0,"uncheckedKeysByFile":[],"unmatched":0,"updated":0},"startTime":1772392525273,"success":false,"testResults":[{"assertionResults":[{"ancestorTitles":["Activity Services","getTodayCommits (GitHub)"],"duration":5,"failing":false,"failureDetails":[],"failureMessages":[],"fullName":"Activity Services getTodayCommits (GitHub) should return correct commit count for today","invocations":1,"location":null,"numPassingAsserts":1,"retryReasons":[],"startAt":1772392526039,"status":"passed","title":"should return correct commit count for today"},{"ancestorTitles":["Activity Services","getTodayCommits (GitHub)"],"duration":0,"failing":false,"failureDetails":[],"failureMessages":[],"fullName":"Activity Services getTodayCommits (GitHub) should ignore commits from yesterday","invocations":1,"location":null,"numPassingAsserts":1,"retryReasons":[],"startAt":1772392526045,"status":"passed","title":"should ignore commits from yesterday"},{"ancestorTitles":["Activity Services","getTodayCommits (GitHub)"],"duration":0,"failing":false,"failureDetails":[],"failureMessages":[],"fullName":"Activity Services getTodayCommits (GitHub) should handle empty response gracefully","invocations":1,"location":null,"numPassingAsserts":1,"retryReasons":[],"startAt":1772392526046,"status":"passed","title":"should handle empty response gracefully"},{"ancestorTitles":["Activity Services","getTodayCommits (GitHub)"],"duration":4,"failing":false,"failureDetails":[],"failureMessages":[],"fullName":"Activity Services getTodayCommits (GitHub) should handle API failure gracefully (return 0)","invocations":1,"location":null,"numPassingAsserts":1,"retryReasons":[],"startAt":1772392526046,"status":"passed","title":"should handle API failure gracefully (return 0)"},{"ancestorTitles":["Activity Services","getTodayLeetCodeSolved (LeetCode)"],"duration":1,"failing":false,"failureDetails":[],"failureMessages":[],"fullName":"Activity Services getTodayLeetCodeSolved (LeetCode) should return correct solved count for today","invocations":1,"location":null,"numPassingAsserts":1,"retryReasons":[],"startAt":1772392526050,"status":"passed","title":"should return correct solved count for today"},{"ancestorTitles":["Activity Services","getTodayLeetCodeSolved (LeetCode)"],"duration":0,"failing":false,"failureDetails":[],"failureMessages":[],"fullName":"Activity Services getTodayLeetCodeSolved (LeetCode) should ignore submissions from yesterday","invocations":1,"location":null,"numPassingAsserts":1,"retryReasons":[],"startAt":1772392526051,"status":"passed","title":"should ignore submissions from yesterday"},{"ancestorTitles":["Activity Services","getTodayLeetCodeSolved (LeetCode)"],"duration":1,"failing":false,"failureDetails":[],"failureMessages":[],"fullName":"Activity Services getTodayLeetCodeSolved (LeetCode) should handle empty response gracefully","invocations":1,"location":null,"numPassingAsserts":1,"retryReasons":[],"startAt":1772392526052,"status":"passed","title":"should handle empty response gracefully"},{"ancestorTitles":["Activity Services","getTodayLeetCodeSolved (LeetCode)"],"duration":2,"failing":false,"failureDetails":[],"failureMessages":[],"fullName":"Activity Services getTodayLeetCodeSolved (LeetCode) should handle API failure gracefully (return 0)","invocations":1,"location":null,"numPassingAsserts":1,"retryReasons":[],"startAt":1772392526053,"status":"passed","title":"should handle API failure gracefully (return 0)"}],"endTime":1772392526057,"message":"","name":"D:\\Sdocs\\Frameverse\\Backend\\tests\\activity.services.test.js","startTime":1772392525565,"status":"passed","summary":""},{"assertionResults":[{"ancestorTitles":["calculateStreak"],"duration":20,"failing":false,"failureDetails":[],"failureMessages":[],"fullName":"calculateStreak should return 0 streak for a new user with no stats","invocations":1,"location":null,"numPassingAsserts":2,"retryReasons":[],"startAt":1772392527287,"status":"passed","title":"should return 0 streak for a new user with no stats"},{"ancestorTitles":["calculateStreak"],"duration":28,"failing":false,"failureDetails":[],"failureMessages":[],"fullName":"calculateStreak should calculate streak correctly for consecutive days ending today","invocations":1,"location":null,"numPassingAsserts":2,"retryReasons":[],"startAt":1772392527308,"status":"passed","title":"should calculate streak correctly for consecutive days ending today"},{"ancestorTitles":["calculateStreak"],"duration":26,"failing":false,"failureDetails":[],"failureMessages":[],"fullName":"calculateStreak should handle missing days (gap) and return only current streak","invocations":1,"location":null,"numPassingAsserts":2,"retryReasons":[],"startAt":1772392527336,"status":"passed","title":"should handle missing days (gap) and return only current streak"},{"ancestorTitles":["calculateStreak"],"duration":21,"failing":false,"failureDetails":[],"failureMessages":[],"fullName":"calculateStreak should carry over yesterday's streak if today has no activity yet","invocations":1,"location":null,"numPassingAsserts":2,"retryReasons":[],"startAt":1772392527362,"status":"passed","title":"should carry over yesterday's streak if today has no activity yet"},{"ancestorTitles":["calculateStreak"],"duration":10,"failing":false,"failureDetails":[],"failureMessages":[],"fullName":"calculateStreak should break the streak if neither today nor yesterday has activity","invocations":1,"location":null,"numPassingAsserts":2,"retryReasons":[],"startAt":1772392527384,"status":"passed","title":"should break the streak if neither today nor yesterday has activity"},{"ancestorTitles":["calculateStreak"],"duration":9,"failing":false,"failureDetails":[],"failureMessages":[],"fullName":"calculateStreak should ignore days with 0 commits and 0 solved problems","invocations":1,"location":null,"numPassingAsserts":2,"retryReasons":[],"startAt":1772392527394,"status":"passed","title":"should ignore days with 0 commits and 0 solved problems"}],"endTime":1772392527552,"message":"","name":"D:\\Sdocs\\Frameverse\\Backend\\tests\\streak.util.test.js","startTime":1772392525567,"status":"passed","summary":""},{"assertionResults":[{"ancestorTitles":["autoPost.worker.js","startAutoPostWorker()"],"duration":78,"failing":false,"failureDetails":[],"failureMessages":[],"fullName":"autoPost.worker.js startAutoPostWorker() should initialize node-cron on the */5 * * * * schedule","invocations":1,"location":null,"numPassingAsserts":1,"retryReasons":[],"startAt":1772392527311,"status":"passed","title":"should initialize node-cron on the */5 * * * * schedule"},{"ancestorTitles":["autoPost.worker.js","processUser() Pipeline"],"duration":58,"failing":false,"failureDetails":[],"failureMessages":[],"fullName":"autoPost.worker.js processUser() Pipeline should skip if user has already posted today (idempotency)","invocations":1,"location":null,"numPassingAsserts":1,"retryReasons":[],"startAt":1772392527389,"status":"passed","title":"should skip if user has already posted today (idempotency)"},{"ancestorTitles":["autoPost.worker.js","processUser() Pipeline"],"duration":49,"failing":false,"failureDetails":[],"failureMessages":[],"fullName":"autoPost.worker.js processUser() Pipeline should fetch stats, generate content, create Post, and mark DailyStats as posted","invocations":1,"location":null,"numPassingAsserts":10,"retryReasons":[],"startAt":1772392527447,"status":"passed","title":"should fetch stats, generate content, create Post, and mark DailyStats as posted"}],"endTime":1772392527612,"message":"","name":"D:\\Sdocs\\Frameverse\\Backend\\tests\\autoPost.worker.test.js","startTime":1772392525576,"status":"passed","summary":""},{"assertionResults":[{"ancestorTitles":["AutoPost End-to-End Flow"],"duration":303,"failing":false,"failureDetails":[{"matcherResult":{"actual":2,"expected":5,"message":"\u001b[2mexpect(\u001b[22m\u001b[31mreceived\u001b[39m\u001b[2m).\u001b[22mtoBe\u001b[2m(\u001b[22m\u001b[32mexpected\u001b[39m\u001b[2m) // Object.is equality\u001b[22m\n\nExpected: \u001b[32m5\u001b[39m\nReceived: \u001b[31m2\u001b[39m","name":"toBe","pass":false}}],"failureMessages":["Error: \u001b[2mexpect(\u001b[22m\u001b[31mreceived\u001b[39m\u001b[2m).\u001b[22mtoBe\u001b[2m(\u001b[22m\u001b[32mexpected\u001b[39m\u001b[2m) // Object.is equality\u001b[22m\n\nExpected: \u001b[32m5\u001b[39m\nReceived: \u001b[31m2\u001b[39m\n    at Object.<anonymous> (D:\\Sdocs\\Frameverse\\Backend\\tests\\autoPost.e2e.test.js:91:37)\n    at processTicksAndRejections (node:internal/process/task_queues:95:5)"],"fullName":"AutoPost End-to-End Flow should successfully execute the full pipeline for an eligible user","invocations":1,"location":null,"numPassingAsserts":3,"retryReasons":[],"startAt":1772392527450,"status":"failed","title":"should successfully execute the full pipeline for an eligible user"}],"endTime":1772392527875,"message":"\u001b[1m\u001b[31m  \u001b[1m● \u001b[22m\u001b[1mAutoPost End-to-End Flow › should successfully execute the full pipeline for an eligible user\u001b[39m\u001b[22m\n\n    \u001b[2mexpect(\u001b[22m\u001b[31mreceived\u001b[39m\u001b[2m).\u001b[22mtoBe\u001b[2m(\u001b[22m\u001b[32mexpected\u001b[39m\u001b[2m) // Object.is equality\u001b[22m\n\n    Expected: \u001b[32m5\u001b[39m\n    Received: \u001b[31m2\u001b[39m\n\u001b[2m\u001b[22m\n\u001b[2m    \u001b[0m \u001b[90m 89 |\u001b[39m\u001b[22m\n\u001b[2m     \u001b[90m 90 |\u001b[39m         \u001b[90m// B. Verify Streak logic applied correctly\u001b[39m\u001b[22m\n\u001b[2m    \u001b[31m\u001b[1m>\u001b[22m\u001b[2m\u001b[39m\u001b[90m 91 |\u001b[39m         expect(newStat\u001b[33m.\u001b[39mstreakCount)\u001b[33m.\u001b[39mtoBe(\u001b[35m5\u001b[39m)\u001b[33m;\u001b[39m      \u001b[90m// 4 + 1\u001b[39m\u001b[22m\n\u001b[2m     \u001b[90m    |\u001b[39m                                     \u001b[31m\u001b[1m^\u001b[22m\u001b[2m\u001b[39m\u001b[22m\n\u001b[2m     \u001b[90m 92 |\u001b[39m         expect(newStat\u001b[33m.\u001b[39mlongestStreak)\u001b[33m.\u001b[39mtoBe(\u001b[35m5\u001b[39m)\u001b[33m;\u001b[39m    \u001b[90m// updated\u001b[39m\u001b[22m\n\u001b[2m     \u001b[90m 93 |\u001b[39m\u001b[22m\n\u001b[2m     \u001b[90m 94 |\u001b[39m         \u001b[90m// C. Verify content generation\u001b[39m\u001b[0m\u001b[22m\n\u001b[2m\u001b[22m\n\u001b[2m      \u001b[2mat Object.<anonymous> (\u001b[22m\u001b[2m\u001b[0m\u001b[36mtests/autoPost.e2e.test.js\u001b[39m\u001b[0m\u001b[2m:91:37)\u001b[22m\u001b[2m\u001b[22m\n","name":"D:\\Sdocs\\Frameverse\\Backend\\tests\\autoPost.e2e.test.js","startTime":1772392525551,"status":"failed","summary":""},{"assertionResults":[{"ancestorTitles":["AutoPost API Routes","GET /api/autopost/settings"],"duration":53,"failing":false,"failureDetails":[],"failureMessages":[],"fullName":"AutoPost API Routes GET /api/autopost/settings should return default settings if none exist","invocations":1,"location":null,"numPassingAsserts":5,"retryReasons":[],"startAt":1772392527641,"status":"passed","title":"should return default settings if none exist"},{"ancestorTitles":["AutoPost API Routes","GET /api/autopost/settings"],"duration":29,"failing":false,"failureDetails":[],"failureMessages":[],"fullName":"AutoPost API Routes GET /api/autopost/settings should return saved settings and accounts","invocations":1,"location":null,"numPassingAsserts":7,"retryReasons":[],"startAt":1772392527695,"status":"passed","title":"should return saved settings and accounts"},{"ancestorTitles":["AutoPost API Routes","PUT /api/autopost/settings"],"duration":34,"failing":false,"failureDetails":[],"failureMessages":[],"fullName":"AutoPost API Routes PUT /api/autopost/settings should save settings and sync connected accounts","invocations":1,"location":null,"numPassingAsserts":7,"retryReasons":[],"startAt":1772392527725,"status":"passed","title":"should save settings and sync connected accounts"},{"ancestorTitles":["AutoPost API Routes","PUT /api/autopost/settings"],"duration":19,"failing":false,"failureDetails":[],"failureMessages":[],"fullName":"AutoPost API Routes PUT /api/autopost/settings should delete unconnected accounts when fields are cleared","invocations":1,"location":null,"numPassingAsserts":3,"retryReasons":[],"startAt":1772392527759,"status":"passed","title":"should delete unconnected accounts when fields are cleared"},{"ancestorTitles":["AutoPost API Routes","GET /api/autopost/stats/today"],"duration":12,"failing":false,"failureDetails":[],"failureMessages":[],"fullName":"AutoPost API Routes GET /api/autopost/stats/today should return empty object if no stats ever recorded","invocations":1,"location":null,"numPassingAsserts":2,"retryReasons":[],"startAt":1772392527778,"status":"passed","title":"should return empty object if no stats ever recorded"},{"ancestorTitles":["AutoPost API Routes","GET /api/autopost/stats/today"],"duration":25,"failing":false,"failureDetails":[],"failureMessages":[],"fullName":"AutoPost API Routes GET /api/autopost/stats/today should return partial stats carrying over streak if no activity today","invocations":1,"location":null,"numPassingAsserts":4,"retryReasons":[],"startAt":1772392527790,"status":"passed","title":"should return partial stats carrying over streak if no activity today"},{"ancestorTitles":["AutoPost API Routes","POST /api/autopost/run"],"duration":11,"failing":false,"failureDetails":[],"failureMessages":[],"fullName":"AutoPost API Routes POST /api/autopost/run should trigger processUser and return manual run results","invocations":1,"location":null,"numPassingAsserts":3,"retryReasons":[],"startAt":1772392527815,"status":"passed","title":"should trigger processUser and return manual run results"}],"endTime":1772392527925,"message":"","name":"D:\\Sdocs\\Frameverse\\Backend\\tests\\autoPostRoutes.test.js","startTime":1772392525568,"status":"passed","summary":""}],"wasInterrupted":false}
